SF:/Users/eryz/Documents/projects/TEST/DigipetApi/Api/Dtos/EnumSchemaFilter.cs
FN:9,System.Void EnumSchemaFilter::Apply(Microsoft.OpenApi.Models.OpenApiSchema,Swashbuckle.AspNetCore.SwaggerGen.SchemaFilterContext)
FNDA:0,System.Void EnumSchemaFilter::Apply(Microsoft.OpenApi.Models.OpenApiSchema,Swashbuckle.AspNetCore.SwaggerGen.SchemaFilterContext)
DA:10,0
DA:11,0
DA:12,0
DA:13,0
DA:14,0
DA:15,0
DA:16,0
DA:17,0
DA:18,0
BRDA:11,27,0,0
BRDA:11,27,1,0
LF:9
LH:0
BRF:2
BRH:0
FNF:1
FNH:0
end_of_record
SF:/Users/eryz/Documents/projects/TEST/DigipetApi/Api/Program.cs
FN:12,System.Void Program::<Main>$(System.String[])
FNDA:0,System.Void Program::<Main>$(System.String[])
DA:13,0
DA:17,0
DA:18,0
DA:19,0
DA:21,0
DA:22,0
DA:23,0
DA:24,0
DA:25,0
DA:26,0
DA:27,0
DA:28,0
DA:29,0
DA:30,0
DA:31,0
DA:32,0
DA:33,0
DA:34,0
DA:35,0
DA:36,0
DA:37,0
DA:38,0
DA:39,0
DA:40,0
DA:41,0
DA:42,0
DA:43,0
DA:44,0
DA:45,0
DA:46,0
DA:47,0
DA:48,0
DA:49,0
DA:50,0
DA:51,0
DA:52,0
DA:53,0
DA:54,0
DA:55,0
DA:56,0
DA:59,0
DA:61,0
DA:62,0
DA:63,0
DA:64,0
DA:65,0
DA:66,0
DA:67,0
DA:68,0
DA:69,0
DA:70,0
DA:71,0
DA:72,0
DA:73,0
DA:74,0
DA:75,0
DA:76,0
DA:77,0
DA:78,0
DA:79,0
DA:82,0
DA:83,0
DA:84,0
DA:85,0
DA:86,0
DA:87,0
DA:88,0
DA:89,0
DA:90,0
DA:91,0
DA:92,0
DA:93,0
DA:94,0
DA:95,0
DA:96,0
DA:97,0
DA:98,0
DA:99,0
DA:100,0
DA:101,0
DA:102,0
DA:103,0
DA:106,0
DA:107,0
DA:110,0
DA:113,0
DA:115,0
DA:117,0
DA:118,0
DA:119,0
DA:120,0
DA:121,0
DA:122,0
DA:125,0
DA:126,0
DA:127,0
DA:128,0
DA:129,0
DA:131,0
DA:134,0
DA:136,0
DA:138,0
DA:140,0
BRDA:125,413,0,0
BRDA:125,413,1,0
BRDA:68,123,0,0
BRDA:68,123,1,0
LF:103
LH:0
BRF:4
BRH:0
FNF:1
FNH:0
end_of_record
SF:/Users/eryz/.nuget/packages/microsoft.net.test.sdk/17.8.0/build/netcoreapp3.1/Microsoft.NET.Test.Sdk.Program.cs
FN:3,System.Void AutoGeneratedProgram::Main(System.String[])
FNDA:0,System.Void AutoGeneratedProgram::Main(System.String[])
DA:4,0
LF:1
LH:0
BRF:0
BRH:0
FNF:1
FNH:0
end_of_record
SF:/Users/eryz/Documents/projects/TEST/DigipetApi/Api/JWTSettings.cs
FN:4,System.String DigipetApi.Api.JwtSettings::get_SecretKey()
FNDA:26,System.String DigipetApi.Api.JwtSettings::get_SecretKey()
DA:5,26
FN:5,System.String DigipetApi.Api.JwtSettings::get_Issuer()
FNDA:24,System.String DigipetApi.Api.JwtSettings::get_Issuer()
DA:6,24
FN:6,System.String DigipetApi.Api.JwtSettings::get_Audience()
FNDA:24,System.String DigipetApi.Api.JwtSettings::get_Audience()
DA:7,24
FN:7,System.Int32 DigipetApi.Api.JwtSettings::get_ExpirationInMinutes()
FNDA:12,System.Int32 DigipetApi.Api.JwtSettings::get_ExpirationInMinutes()
DA:8,12
FN:8,System.Int32 DigipetApi.Api.JwtSettings::get_RefreshTokenExpirationInDays()
FNDA:11,System.Int32 DigipetApi.Api.JwtSettings::get_RefreshTokenExpirationInDays()
DA:9,11
LF:5
LH:5
BRF:0
BRH:0
FNF:5
FNH:5
end_of_record
SF:/Users/eryz/Documents/projects/TEST/DigipetApi/Api/Services/PetAttributeDecayService.cs
FN:14,System.Void DigipetApi.Api.Services.PetAttributeDecayService::.ctor(System.IServiceProvider,Microsoft.Extensions.Logging.ILogger`1<DigipetApi.Api.Services.PetAttributeDecayService>,System.Nullable`1<System.TimeSpan>)
FNDA:1,System.Void DigipetApi.Api.Services.PetAttributeDecayService::.ctor(System.IServiceProvider,Microsoft.Extensions.Logging.ILogger`1<DigipetApi.Api.Services.PetAttributeDecayService>,System.Nullable`1<System.TimeSpan>)
DA:15,1
DA:16,1
DA:17,1
DA:18,1
DA:19,1
DA:20,1
BRDA:19,32,0,0
BRDA:19,32,1,1
FN:22,System.Void DigipetApi.Api.Services.PetAttributeDecayService/<ExecuteAsync>d__4::MoveNext()
FNDA:0,System.Void DigipetApi.Api.Services.PetAttributeDecayService/<ExecuteAsync>d__4::MoveNext()
DA:23,0
DA:24,0
DA:25,0
DA:26,0
DA:27,0
DA:28,0
DA:29,0
DA:30,0
BRDA:25,288,1,0
BRDA:25,288,0,0
FN:32,System.Void DigipetApi.Api.Services.PetAttributeDecayService/<ProcessPetAttributeDecay>d__5::MoveNext()
FNDA:1,System.Void DigipetApi.Api.Services.PetAttributeDecayService/<ProcessPetAttributeDecay>d__5::MoveNext()
DA:33,1
DA:35,1
DA:36,1
DA:37,1
DA:38,1
DA:41,1
DA:42,7
DA:43,2
DA:44,2
DA:45,2
DA:46,2
DA:47,2
DA:49,2
DA:52,2
DA:53,2
DA:55,1
DA:56,1
DA:57,0
DA:58,0
DA:59,0
DA:60,0
DA:61,1
BRDA:42,830,1,2
BRDA:42,830,0,1
LF:36
LH:24
BRF:6
BRH:3
FNF:3
FNH:2
end_of_record
SF:/Users/eryz/Documents/projects/TEST/DigipetApi/Api/Services/PetCacheService.cs
FN:14,System.Void DigipetApi.Api.Services.PetCacheService::.ctor(Microsoft.Extensions.Caching.Distributed.IDistributedCache,Microsoft.Extensions.Logging.ILogger`1<DigipetApi.Api.Services.PetCacheService>)
FNDA:4,System.Void DigipetApi.Api.Services.PetCacheService::.ctor(Microsoft.Extensions.Caching.Distributed.IDistributedCache,Microsoft.Extensions.Logging.ILogger`1<DigipetApi.Api.Services.PetCacheService>)
DA:15,4
DA:16,4
DA:17,4
DA:18,4
DA:19,4
DA:20,4
DA:21,4
DA:22,4
DA:23,4
DA:24,4
FN:26,System.Void DigipetApi.Api.Services.PetCacheService/<GetPetAsync>d__4::MoveNext()
FNDA:2,System.Void DigipetApi.Api.Services.PetCacheService/<GetPetAsync>d__4::MoveNext()
DA:27,2
DA:28,2
DA:29,2
DA:30,1
DA:31,1
DA:32,1
DA:33,1
DA:35,1
DA:36,1
DA:37,2
BRDA:29,211,0,1
BRDA:29,211,1,1
FN:46,System.Void DigipetApi.Api.Services.PetCacheService/<RemovePetAsync>d__6::MoveNext()
FNDA:1,System.Void DigipetApi.Api.Services.PetCacheService/<RemovePetAsync>d__6::MoveNext()
DA:47,1
DA:48,1
DA:49,1
FN:39,System.Void DigipetApi.Api.Services.PetCacheService/<SetPetAsync>d__5::MoveNext()
FNDA:1,System.Void DigipetApi.Api.Services.PetCacheService/<SetPetAsync>d__5::MoveNext()
DA:40,1
DA:41,1
DA:42,1
DA:43,1
DA:44,1
LF:28
LH:28
BRF:2
BRH:2
FNF:4
FNH:4
end_of_record
SF:/Users/eryz/Documents/projects/TEST/DigipetApi/Api/Services/ScheduledTaskService.cs
FN:11,System.Void DigipetApi.Api.Services.ScheduledTaskService::.ctor(System.IServiceProvider,Microsoft.Extensions.Logging.ILogger`1<DigipetApi.Api.Services.ScheduledTaskService>)
FNDA:3,System.Void DigipetApi.Api.Services.ScheduledTaskService::.ctor(System.IServiceProvider,Microsoft.Extensions.Logging.ILogger`1<DigipetApi.Api.Services.ScheduledTaskService>)
DA:12,3
DA:13,3
DA:14,3
DA:15,3
DA:16,3
FN:18,System.Void DigipetApi.Api.Services.ScheduledTaskService/<ExecuteAsync>d__3::MoveNext()
FNDA:3,System.Void DigipetApi.Api.Services.ScheduledTaskService/<ExecuteAsync>d__3::MoveNext()
DA:19,3
DA:20,3
DA:21,3
DA:22,3
DA:23,3
DA:24,3
DA:25,3
DA:26,0
DA:27,0
BRDA:21,321,1,3
BRDA:21,321,0,0
FN:50,System.Void DigipetApi.Api.Services.ScheduledTaskService/<ExecuteTask>d__5::MoveNext()
FNDA:2,System.Void DigipetApi.Api.Services.ScheduledTaskService/<ExecuteTask>d__5::MoveNext()
DA:51,2
DA:52,2
DA:53,2
DA:54,1
DA:55,1
DA:58,1
DA:59,1
DA:60,1
DA:61,1
DA:62,1
DA:63,1
DA:64,1
DA:68,1
DA:69,1
DA:70,1
DA:71,1
DA:72,1
DA:74,1
DA:75,1
DA:76,1
DA:77,2
BRDA:53,197,0,1
BRDA:55,240,1,1
BRDA:55,240,0,1
BRDA:53,197,1,1
FN:29,System.Void DigipetApi.Api.Services.ScheduledTaskService/<ProcessScheduledTasks>d__4::MoveNext()
FNDA:3,System.Void DigipetApi.Api.Services.ScheduledTaskService/<ProcessScheduledTasks>d__4::MoveNext()
DA:30,3
DA:31,3
DA:32,3
DA:34,3
DA:35,3
DA:37,3
DA:38,3
DA:39,3
DA:41,3
DA:43,13
DA:44,2
DA:45,2
DA:46,2
DA:47,2
DA:48,3
BRDA:43,980,1,2
BRDA:43,980,0,3
LF:50
LH:48
BRF:8
BRH:7
FNF:4
FNH:4
end_of_record
SF:/Users/eryz/Documents/projects/TEST/DigipetApi/Api/Models/Pet.cs
FN:4,System.Int32 DigipetApi.Api.Models.Pet::get_PetId()
FNDA:237,System.Int32 DigipetApi.Api.Models.Pet::get_PetId()
DA:5,237
FN:5,System.Nullable`1<System.Int32> DigipetApi.Api.Models.Pet::get_UserId()
FNDA:103,System.Nullable`1<System.Int32> DigipetApi.Api.Models.Pet::get_UserId()
DA:6,103
FN:6,System.String DigipetApi.Api.Models.Pet::get_Name()
FNDA:382,System.String DigipetApi.Api.Models.Pet::get_Name()
DA:7,382
FN:7,System.String DigipetApi.Api.Models.Pet::get_Species()
FNDA:363,System.String DigipetApi.Api.Models.Pet::get_Species()
DA:8,363
FN:8,System.String DigipetApi.Api.Models.Pet::get_Type()
FNDA:363,System.String DigipetApi.Api.Models.Pet::get_Type()
DA:9,363
FN:9,System.Int32 DigipetApi.Api.Models.Pet::get_Health()
FNDA:381,System.Int32 DigipetApi.Api.Models.Pet::get_Health()
DA:10,381
FN:10,System.Int32 DigipetApi.Api.Models.Pet::get_Mood()
FNDA:379,System.Int32 DigipetApi.Api.Models.Pet::get_Mood()
DA:11,379
FN:11,System.Int32 DigipetApi.Api.Models.Pet::get_Happiness()
FNDA:387,System.Int32 DigipetApi.Api.Models.Pet::get_Happiness()
DA:12,387
FN:12,System.DateTime DigipetApi.Api.Models.Pet::get_CreatedAt()
FNDA:361,System.DateTime DigipetApi.Api.Models.Pet::get_CreatedAt()
DA:13,361
FN:13,System.DateTime DigipetApi.Api.Models.Pet::get_UpdatedAt()
FNDA:370,System.DateTime DigipetApi.Api.Models.Pet::get_UpdatedAt()
DA:14,370
FN:16,DigipetApi.Api.Models.User DigipetApi.Api.Models.Pet::get_User()
FNDA:0,DigipetApi.Api.Models.User DigipetApi.Api.Models.Pet::get_User()
DA:17,0
LF:11
LH:10
BRF:0
BRH:0
FNF:11
FNH:10
end_of_record
SF:/Users/eryz/Documents/projects/TEST/DigipetApi/Api/Models/ScheduledTask.cs
FN:7,System.Int32 DigipetApi.Api.Models.ScheduledTask::get_TaskId()
FNDA:7,System.Int32 DigipetApi.Api.Models.ScheduledTask::get_TaskId()
DA:8,7
FN:8,System.Int32 DigipetApi.Api.Models.ScheduledTask::get_PetId()
FNDA:9,System.Int32 DigipetApi.Api.Models.ScheduledTask::get_PetId()
DA:9,9
FN:9,System.String DigipetApi.Api.Models.ScheduledTask::get_TaskType()
FNDA:9,System.String DigipetApi.Api.Models.ScheduledTask::get_TaskType()
DA:10,9
FN:10,System.DateTime DigipetApi.Api.Models.ScheduledTask::get_ScheduledTime()
FNDA:6,System.DateTime DigipetApi.Api.Models.ScheduledTask::get_ScheduledTime()
DA:11,6
FN:11,System.String DigipetApi.Api.Models.ScheduledTask::get_DaysOfWeek()
FNDA:8,System.String DigipetApi.Api.Models.ScheduledTask::get_DaysOfWeek()
DA:12,8
FN:12,System.Boolean DigipetApi.Api.Models.ScheduledTask::get_IsCompleted()
FNDA:9,System.Boolean DigipetApi.Api.Models.ScheduledTask::get_IsCompleted()
DA:13,9
FN:15,DigipetApi.Api.Models.Pet DigipetApi.Api.Models.ScheduledTask::get_Pet()
FNDA:0,DigipetApi.Api.Models.Pet DigipetApi.Api.Models.ScheduledTask::get_Pet()
DA:16,0
LF:7
LH:6
BRF:0
BRH:0
FNF:7
FNH:6
end_of_record
SF:/Users/eryz/Documents/projects/TEST/DigipetApi/Api/Models/User.cs
FN:4,System.Int32 DigipetApi.Api.Models.User::get_UserId()
FNDA:7,System.Int32 DigipetApi.Api.Models.User::get_UserId()
DA:5,7
FN:5,System.String DigipetApi.Api.Models.User::get_Username()
FNDA:17,System.String DigipetApi.Api.Models.User::get_Username()
DA:6,17
FN:6,System.String DigipetApi.Api.Models.User::get_PasswordHash()
FNDA:10,System.String DigipetApi.Api.Models.User::get_PasswordHash()
DA:7,10
FN:7,System.String DigipetApi.Api.Models.User::get_Email()
FNDA:14,System.String DigipetApi.Api.Models.User::get_Email()
DA:8,14
FN:8,System.DateTime DigipetApi.Api.Models.User::get_CreatedAt()
FNDA:8,System.DateTime DigipetApi.Api.Models.User::get_CreatedAt()
DA:9,8
FN:9,System.DateTime DigipetApi.Api.Models.User::get_UpdatedAt()
FNDA:8,System.DateTime DigipetApi.Api.Models.User::get_UpdatedAt()
DA:10,8
FN:10,System.String DigipetApi.Api.Models.User::get_RefreshToken()
FNDA:8,System.String DigipetApi.Api.Models.User::get_RefreshToken()
DA:11,8
FN:11,System.Nullable`1<System.DateTime> DigipetApi.Api.Models.User::get_RefreshTokenExpiryTime()
FNDA:4,System.Nullable`1<System.DateTime> DigipetApi.Api.Models.User::get_RefreshTokenExpiryTime()
DA:12,4
FN:13,System.Collections.Generic.List`1<DigipetApi.Api.Models.Pet> DigipetApi.Api.Models.User::get_Pets()
FNDA:7,System.Collections.Generic.List`1<DigipetApi.Api.Models.Pet> DigipetApi.Api.Models.User::get_Pets()
DA:14,7
LF:9
LH:9
BRF:0
BRH:0
FNF:9
FNH:9
end_of_record
SF:/Users/eryz/Documents/projects/TEST/DigipetApi/Api/Migrations/20240816105320_init.cs
FN:12,System.Void DigipetApi.Api.Migrations.init::Up(Microsoft.EntityFrameworkCore.Migrations.MigrationBuilder)
FNDA:0,System.Void DigipetApi.Api.Migrations.init::Up(Microsoft.EntityFrameworkCore.Migrations.MigrationBuilder)
DA:13,0
DA:14,0
DA:15,0
DA:16,0
DA:17,0
DA:18,0
DA:19,0
DA:20,0
DA:21,0
DA:22,0
DA:23,0
DA:24,0
DA:25,0
DA:26,0
DA:27,0
DA:28,0
DA:29,0
DA:31,0
DA:32,0
DA:33,0
DA:34,0
DA:35,0
DA:36,0
DA:37,0
DA:38,0
DA:39,0
DA:40,0
DA:41,0
DA:42,0
DA:43,0
DA:44,0
DA:45,0
DA:46,0
DA:47,0
DA:48,0
DA:49,0
DA:50,0
DA:51,0
DA:52,0
DA:53,0
DA:54,0
DA:55,0
DA:57,0
DA:58,0
DA:59,0
DA:60,0
DA:61,0
FN:64,System.Void DigipetApi.Api.Migrations.init::Down(Microsoft.EntityFrameworkCore.Migrations.MigrationBuilder)
FNDA:0,System.Void DigipetApi.Api.Migrations.init::Down(Microsoft.EntityFrameworkCore.Migrations.MigrationBuilder)
DA:65,0
DA:66,0
DA:67,0
DA:69,0
DA:70,0
DA:71,0
LF:53
LH:0
BRF:0
BRH:0
FNF:2
FNH:0
end_of_record
SF:/Users/eryz/Documents/projects/TEST/DigipetApi/Api/Migrations/20240816105320_init.Designer.cs
FN:19,System.Void DigipetApi.Api.Migrations.init::BuildTargetModel(Microsoft.EntityFrameworkCore.ModelBuilder)
FNDA:0,System.Void DigipetApi.Api.Migrations.init::BuildTargetModel(Microsoft.EntityFrameworkCore.ModelBuilder)
DA:20,0
DA:22,0
DA:23,0
DA:24,0
DA:26,0
DA:28,0
DA:29,0
DA:30,0
DA:31,0
DA:32,0
DA:33,0
DA:34,0
DA:35,0
DA:36,0
DA:37,0
DA:38,0
DA:39,0
DA:40,0
DA:41,0
DA:42,0
DA:43,0
DA:44,0
DA:45,0
DA:46,0
DA:47,0
DA:48,0
DA:49,0
DA:50,0
DA:51,0
DA:52,0
DA:53,0
DA:54,0
DA:55,0
DA:56,0
DA:57,0
DA:58,0
DA:59,0
DA:60,0
DA:61,0
DA:62,0
DA:63,0
DA:64,0
DA:65,0
DA:66,0
DA:67,0
DA:68,0
DA:69,0
DA:70,0
DA:71,0
DA:73,0
DA:74,0
DA:75,0
DA:76,0
DA:77,0
DA:78,0
DA:79,0
DA:80,0
DA:81,0
DA:82,0
DA:83,0
DA:84,0
DA:85,0
DA:86,0
DA:87,0
DA:88,0
DA:89,0
DA:90,0
DA:91,0
DA:92,0
DA:93,0
DA:94,0
DA:95,0
DA:96,0
DA:97,0
DA:98,0
DA:99,0
DA:100,0
DA:101,0
DA:102,0
DA:104,0
DA:105,0
DA:106,0
DA:107,0
DA:108,0
DA:109,0
DA:110,0
DA:111,0
DA:113,0
DA:114,0
DA:115,0
DA:116,0
DA:118,0
LF:92
LH:0
BRF:0
BRH:0
FNF:1
FNH:0
end_of_record
SF:/Users/eryz/Documents/projects/TEST/DigipetApi/Api/Migrations/20240816180437_user-refresh-token.cs
FN:12,System.Void DigipetApi.Api.Migrations.userrefreshtoken::Up(Microsoft.EntityFrameworkCore.Migrations.MigrationBuilder)
FNDA:0,System.Void DigipetApi.Api.Migrations.userrefreshtoken::Up(Microsoft.EntityFrameworkCore.Migrations.MigrationBuilder)
DA:13,0
DA:14,0
DA:15,0
DA:16,0
DA:17,0
DA:18,0
DA:20,0
DA:21,0
DA:22,0
DA:23,0
DA:24,0
DA:25,0
FN:28,System.Void DigipetApi.Api.Migrations.userrefreshtoken::Down(Microsoft.EntityFrameworkCore.Migrations.MigrationBuilder)
FNDA:0,System.Void DigipetApi.Api.Migrations.userrefreshtoken::Down(Microsoft.EntityFrameworkCore.Migrations.MigrationBuilder)
DA:29,0
DA:30,0
DA:31,0
DA:32,0
DA:34,0
DA:35,0
DA:36,0
DA:37,0
LF:20
LH:0
BRF:0
BRH:0
FNF:2
FNH:0
end_of_record
SF:/Users/eryz/Documents/projects/TEST/DigipetApi/Api/Migrations/20240816180437_user-refresh-token.Designer.cs
FN:19,System.Void DigipetApi.Api.Migrations.userrefreshtoken::BuildTargetModel(Microsoft.EntityFrameworkCore.ModelBuilder)
FNDA:0,System.Void DigipetApi.Api.Migrations.userrefreshtoken::BuildTargetModel(Microsoft.EntityFrameworkCore.ModelBuilder)
DA:20,0
DA:22,0
DA:23,0
DA:24,0
DA:26,0
DA:28,0
DA:29,0
DA:30,0
DA:31,0
DA:32,0
DA:33,0
DA:34,0
DA:35,0
DA:36,0
DA:37,0
DA:38,0
DA:39,0
DA:40,0
DA:41,0
DA:42,0
DA:43,0
DA:44,0
DA:45,0
DA:46,0
DA:47,0
DA:48,0
DA:49,0
DA:50,0
DA:51,0
DA:52,0
DA:53,0
DA:54,0
DA:55,0
DA:56,0
DA:57,0
DA:58,0
DA:59,0
DA:60,0
DA:61,0
DA:62,0
DA:63,0
DA:64,0
DA:65,0
DA:66,0
DA:67,0
DA:68,0
DA:69,0
DA:70,0
DA:71,0
DA:73,0
DA:74,0
DA:75,0
DA:76,0
DA:77,0
DA:78,0
DA:79,0
DA:80,0
DA:81,0
DA:82,0
DA:83,0
DA:84,0
DA:85,0
DA:86,0
DA:87,0
DA:88,0
DA:89,0
DA:90,0
DA:91,0
DA:92,0
DA:93,0
DA:94,0
DA:95,0
DA:96,0
DA:97,0
DA:98,0
DA:99,0
DA:100,0
DA:101,0
DA:102,0
DA:103,0
DA:104,0
DA:105,0
DA:106,0
DA:107,0
DA:108,0
DA:110,0
DA:111,0
DA:112,0
DA:113,0
DA:114,0
DA:115,0
DA:116,0
DA:117,0
DA:119,0
DA:120,0
DA:121,0
DA:122,0
DA:124,0
LF:98
LH:0
BRF:0
BRH:0
FNF:1
FNH:0
end_of_record
SF:/Users/eryz/Documents/projects/TEST/DigipetApi/Api/Migrations/20240817065025_AddScheduledTasks.cs
FN:12,System.Void DigipetApi.Api.Migrations.AddScheduledTasks::Up(Microsoft.EntityFrameworkCore.Migrations.MigrationBuilder)
FNDA:0,System.Void DigipetApi.Api.Migrations.AddScheduledTasks::Up(Microsoft.EntityFrameworkCore.Migrations.MigrationBuilder)
DA:13,0
DA:14,0
DA:15,0
DA:16,0
DA:17,0
DA:18,0
DA:19,0
DA:20,0
DA:21,0
DA:22,0
DA:23,0
DA:24,0
DA:25,0
DA:26,0
DA:27,0
DA:28,0
DA:29,0
DA:30,0
DA:31,0
DA:32,0
DA:33,0
DA:34,0
DA:35,0
DA:37,0
DA:38,0
DA:39,0
DA:40,0
DA:41,0
FN:44,System.Void DigipetApi.Api.Migrations.AddScheduledTasks::Down(Microsoft.EntityFrameworkCore.Migrations.MigrationBuilder)
FNDA:0,System.Void DigipetApi.Api.Migrations.AddScheduledTasks::Down(Microsoft.EntityFrameworkCore.Migrations.MigrationBuilder)
DA:45,0
DA:46,0
DA:47,0
DA:48,0
LF:32
LH:0
BRF:0
BRH:0
FNF:2
FNH:0
end_of_record
SF:/Users/eryz/Documents/projects/TEST/DigipetApi/Api/Migrations/20240817065025_AddScheduledTasks.Designer.cs
FN:19,System.Void DigipetApi.Api.Migrations.AddScheduledTasks::BuildTargetModel(Microsoft.EntityFrameworkCore.ModelBuilder)
FNDA:0,System.Void DigipetApi.Api.Migrations.AddScheduledTasks::BuildTargetModel(Microsoft.EntityFrameworkCore.ModelBuilder)
DA:20,0
DA:22,0
DA:23,0
DA:24,0
DA:26,0
DA:28,0
DA:29,0
DA:30,0
DA:31,0
DA:32,0
DA:33,0
DA:34,0
DA:35,0
DA:36,0
DA:37,0
DA:38,0
DA:39,0
DA:40,0
DA:41,0
DA:42,0
DA:43,0
DA:44,0
DA:45,0
DA:46,0
DA:47,0
DA:48,0
DA:49,0
DA:50,0
DA:51,0
DA:52,0
DA:53,0
DA:54,0
DA:55,0
DA:56,0
DA:57,0
DA:58,0
DA:59,0
DA:60,0
DA:61,0
DA:62,0
DA:63,0
DA:64,0
DA:65,0
DA:66,0
DA:67,0
DA:68,0
DA:69,0
DA:70,0
DA:71,0
DA:73,0
DA:74,0
DA:75,0
DA:76,0
DA:77,0
DA:78,0
DA:79,0
DA:80,0
DA:81,0
DA:82,0
DA:83,0
DA:84,0
DA:85,0
DA:86,0
DA:87,0
DA:88,0
DA:89,0
DA:90,0
DA:91,0
DA:92,0
DA:93,0
DA:94,0
DA:95,0
DA:96,0
DA:97,0
DA:98,0
DA:99,0
DA:100,0
DA:101,0
DA:102,0
DA:103,0
DA:105,0
DA:106,0
DA:107,0
DA:108,0
DA:109,0
DA:110,0
DA:111,0
DA:112,0
DA:113,0
DA:114,0
DA:115,0
DA:116,0
DA:117,0
DA:118,0
DA:119,0
DA:120,0
DA:121,0
DA:122,0
DA:123,0
DA:124,0
DA:125,0
DA:126,0
DA:127,0
DA:128,0
DA:129,0
DA:130,0
DA:131,0
DA:132,0
DA:133,0
DA:134,0
DA:135,0
DA:136,0
DA:137,0
DA:138,0
DA:139,0
DA:140,0
DA:142,0
DA:143,0
DA:144,0
DA:145,0
DA:146,0
DA:147,0
DA:148,0
DA:149,0
DA:151,0
DA:152,0
DA:153,0
DA:154,0
DA:155,0
DA:156,0
DA:157,0
DA:158,0
DA:159,0
DA:160,0
DA:162,0
DA:163,0
DA:164,0
DA:165,0
DA:167,0
LF:139
LH:0
BRF:0
BRH:0
FNF:1
FNH:0
end_of_record
SF:/Users/eryz/Documents/projects/TEST/DigipetApi/Api/Migrations/20240817070433_AdjustScheduledTasks.cs
FN:11,System.Void DigipetApi.Api.Migrations.AdjustScheduledTasks::Up(Microsoft.EntityFrameworkCore.Migrations.MigrationBuilder)
FNDA:0,System.Void DigipetApi.Api.Migrations.AdjustScheduledTasks::Up(Microsoft.EntityFrameworkCore.Migrations.MigrationBuilder)
DA:12,0
DA:14,0
FN:17,System.Void DigipetApi.Api.Migrations.AdjustScheduledTasks::Down(Microsoft.EntityFrameworkCore.Migrations.MigrationBuilder)
FNDA:0,System.Void DigipetApi.Api.Migrations.AdjustScheduledTasks::Down(Microsoft.EntityFrameworkCore.Migrations.MigrationBuilder)
DA:18,0
DA:20,0
LF:4
LH:0
BRF:0
BRH:0
FNF:2
FNH:0
end_of_record
SF:/Users/eryz/Documents/projects/TEST/DigipetApi/Api/Migrations/20240817070433_AdjustScheduledTasks.Designer.cs
FN:19,System.Void DigipetApi.Api.Migrations.AdjustScheduledTasks::BuildTargetModel(Microsoft.EntityFrameworkCore.ModelBuilder)
FNDA:0,System.Void DigipetApi.Api.Migrations.AdjustScheduledTasks::BuildTargetModel(Microsoft.EntityFrameworkCore.ModelBuilder)
DA:20,0
DA:22,0
DA:23,0
DA:24,0
DA:26,0
DA:28,0
DA:29,0
DA:30,0
DA:31,0
DA:32,0
DA:33,0
DA:34,0
DA:35,0
DA:36,0
DA:37,0
DA:38,0
DA:39,0
DA:40,0
DA:41,0
DA:42,0
DA:43,0
DA:44,0
DA:45,0
DA:46,0
DA:47,0
DA:48,0
DA:49,0
DA:50,0
DA:51,0
DA:52,0
DA:53,0
DA:54,0
DA:55,0
DA:56,0
DA:57,0
DA:58,0
DA:59,0
DA:60,0
DA:61,0
DA:62,0
DA:63,0
DA:64,0
DA:65,0
DA:66,0
DA:67,0
DA:68,0
DA:69,0
DA:70,0
DA:71,0
DA:73,0
DA:74,0
DA:75,0
DA:76,0
DA:77,0
DA:78,0
DA:79,0
DA:80,0
DA:81,0
DA:82,0
DA:83,0
DA:84,0
DA:85,0
DA:86,0
DA:87,0
DA:88,0
DA:89,0
DA:90,0
DA:91,0
DA:92,0
DA:93,0
DA:94,0
DA:95,0
DA:96,0
DA:97,0
DA:98,0
DA:99,0
DA:100,0
DA:101,0
DA:102,0
DA:103,0
DA:105,0
DA:106,0
DA:107,0
DA:108,0
DA:109,0
DA:110,0
DA:111,0
DA:112,0
DA:113,0
DA:114,0
DA:115,0
DA:116,0
DA:117,0
DA:118,0
DA:119,0
DA:120,0
DA:121,0
DA:122,0
DA:123,0
DA:124,0
DA:125,0
DA:126,0
DA:127,0
DA:128,0
DA:129,0
DA:130,0
DA:131,0
DA:132,0
DA:133,0
DA:134,0
DA:135,0
DA:136,0
DA:137,0
DA:138,0
DA:139,0
DA:140,0
DA:142,0
DA:143,0
DA:144,0
DA:145,0
DA:146,0
DA:147,0
DA:148,0
DA:149,0
DA:151,0
DA:152,0
DA:153,0
DA:154,0
DA:155,0
DA:156,0
DA:157,0
DA:158,0
DA:159,0
DA:160,0
DA:162,0
DA:163,0
DA:164,0
DA:165,0
DA:167,0
LF:139
LH:0
BRF:0
BRH:0
FNF:1
FNH:0
end_of_record
SF:/Users/eryz/Documents/projects/TEST/DigipetApi/Api/Migrations/20240818165412_SeedPets.cs
FN:14,System.Void DigipetApi.Api.Migrations.SeedPets::Up(Microsoft.EntityFrameworkCore.Migrations.MigrationBuilder)
FNDA:0,System.Void DigipetApi.Api.Migrations.SeedPets::Up(Microsoft.EntityFrameworkCore.Migrations.MigrationBuilder)
DA:15,0
DA:16,0
DA:17,0
DA:18,0
DA:19,0
DA:20,0
DA:21,0
DA:22,0
DA:23,0
DA:24,0
DA:25,0
DA:26,0
DA:27,0
DA:28,0
DA:29,0
DA:30,0
DA:31,0
DA:32,0
DA:33,0
DA:34,0
DA:35,0
FN:38,System.Void DigipetApi.Api.Migrations.SeedPets::Down(Microsoft.EntityFrameworkCore.Migrations.MigrationBuilder)
FNDA:0,System.Void DigipetApi.Api.Migrations.SeedPets::Down(Microsoft.EntityFrameworkCore.Migrations.MigrationBuilder)
DA:39,0
DA:40,0
DA:41,0
DA:42,0
DA:43,0
DA:45,0
DA:46,0
DA:47,0
DA:48,0
DA:50,0
DA:51,0
DA:52,0
DA:53,0
DA:55,0
DA:56,0
DA:57,0
DA:58,0
DA:60,0
DA:61,0
DA:62,0
DA:63,0
DA:65,0
DA:66,0
DA:67,0
DA:68,0
DA:70,0
DA:71,0
DA:72,0
DA:73,0
DA:75,0
DA:76,0
DA:77,0
DA:78,0
DA:80,0
DA:81,0
DA:82,0
DA:83,0
DA:85,0
DA:86,0
DA:87,0
DA:88,0
DA:90,0
DA:91,0
DA:92,0
DA:93,0
DA:95,0
DA:96,0
DA:97,0
DA:98,0
DA:100,0
DA:101,0
DA:102,0
DA:103,0
DA:104,0
LF:75
LH:0
BRF:0
BRH:0
FNF:2
FNH:0
end_of_record
SF:/Users/eryz/Documents/projects/TEST/DigipetApi/Api/Migrations/20240818165412_SeedPets.Designer.cs
FN:19,System.Void DigipetApi.Api.Migrations.SeedPets::BuildTargetModel(Microsoft.EntityFrameworkCore.ModelBuilder)
FNDA:0,System.Void DigipetApi.Api.Migrations.SeedPets::BuildTargetModel(Microsoft.EntityFrameworkCore.ModelBuilder)
DA:20,0
DA:22,0
DA:23,0
DA:24,0
DA:26,0
DA:28,0
DA:29,0
DA:30,0
DA:31,0
DA:32,0
DA:33,0
DA:34,0
DA:35,0
DA:36,0
DA:37,0
DA:38,0
DA:39,0
DA:40,0
DA:41,0
DA:42,0
DA:43,0
DA:44,0
DA:45,0
DA:46,0
DA:47,0
DA:48,0
DA:49,0
DA:50,0
DA:51,0
DA:52,0
DA:53,0
DA:54,0
DA:55,0
DA:56,0
DA:57,0
DA:58,0
DA:59,0
DA:60,0
DA:61,0
DA:62,0
DA:63,0
DA:64,0
DA:65,0
DA:66,0
DA:67,0
DA:68,0
DA:69,0
DA:70,0
DA:71,0
DA:72,0
DA:73,0
DA:74,0
DA:75,0
DA:76,0
DA:77,0
DA:78,0
DA:79,0
DA:80,0
DA:81,0
DA:82,0
DA:83,0
DA:84,0
DA:85,0
DA:86,0
DA:87,0
DA:88,0
DA:89,0
DA:90,0
DA:91,0
DA:92,0
DA:93,0
DA:94,0
DA:95,0
DA:96,0
DA:97,0
DA:98,0
DA:99,0
DA:100,0
DA:101,0
DA:102,0
DA:103,0
DA:104,0
DA:105,0
DA:106,0
DA:107,0
DA:108,0
DA:109,0
DA:110,0
DA:111,0
DA:112,0
DA:113,0
DA:114,0
DA:115,0
DA:116,0
DA:117,0
DA:118,0
DA:119,0
DA:120,0
DA:121,0
DA:122,0
DA:123,0
DA:124,0
DA:125,0
DA:126,0
DA:127,0
DA:128,0
DA:129,0
DA:130,0
DA:131,0
DA:132,0
DA:133,0
DA:134,0
DA:135,0
DA:136,0
DA:137,0
DA:138,0
DA:139,0
DA:140,0
DA:141,0
DA:142,0
DA:143,0
DA:144,0
DA:145,0
DA:146,0
DA:147,0
DA:148,0
DA:149,0
DA:150,0
DA:151,0
DA:152,0
DA:153,0
DA:154,0
DA:155,0
DA:156,0
DA:157,0
DA:158,0
DA:159,0
DA:160,0
DA:161,0
DA:162,0
DA:163,0
DA:164,0
DA:165,0
DA:166,0
DA:167,0
DA:168,0
DA:169,0
DA:170,0
DA:171,0
DA:172,0
DA:173,0
DA:174,0
DA:175,0
DA:176,0
DA:177,0
DA:178,0
DA:179,0
DA:180,0
DA:181,0
DA:182,0
DA:183,0
DA:184,0
DA:185,0
DA:186,0
DA:187,0
DA:188,0
DA:189,0
DA:190,0
DA:191,0
DA:192,0
DA:193,0
DA:194,0
DA:195,0
DA:196,0
DA:197,0
DA:198,0
DA:199,0
DA:200,0
DA:201,0
DA:202,0
DA:203,0
DA:204,0
DA:205,0
DA:206,0
DA:207,0
DA:208,0
DA:209,0
DA:210,0
DA:211,0
DA:212,0
DA:213,0
DA:214,0
DA:215,0
DA:216,0
DA:217,0
DA:218,0
DA:219,0
DA:220,0
DA:221,0
DA:222,0
DA:223,0
DA:224,0
DA:225,0
DA:226,0
DA:227,0
DA:228,0
DA:229,0
DA:231,0
DA:232,0
DA:233,0
DA:234,0
DA:235,0
DA:236,0
DA:237,0
DA:238,0
DA:239,0
DA:240,0
DA:241,0
DA:242,0
DA:243,0
DA:244,0
DA:245,0
DA:246,0
DA:247,0
DA:248,0
DA:249,0
DA:250,0
DA:251,0
DA:252,0
DA:253,0
DA:254,0
DA:255,0
DA:256,0
DA:257,0
DA:258,0
DA:259,0
DA:260,0
DA:261,0
DA:263,0
DA:264,0
DA:265,0
DA:266,0
DA:267,0
DA:268,0
DA:269,0
DA:270,0
DA:271,0
DA:272,0
DA:273,0
DA:274,0
DA:275,0
DA:276,0
DA:277,0
DA:278,0
DA:279,0
DA:280,0
DA:281,0
DA:282,0
DA:283,0
DA:284,0
DA:285,0
DA:286,0
DA:287,0
DA:288,0
DA:289,0
DA:290,0
DA:291,0
DA:292,0
DA:293,0
DA:294,0
DA:295,0
DA:296,0
DA:297,0
DA:298,0
DA:300,0
DA:301,0
DA:302,0
DA:303,0
DA:304,0
DA:305,0
DA:306,0
DA:307,0
DA:309,0
DA:310,0
DA:311,0
DA:312,0
DA:313,0
DA:314,0
DA:315,0
DA:316,0
DA:317,0
DA:318,0
DA:320,0
DA:321,0
DA:322,0
DA:323,0
DA:325,0
LF:297
LH:0
BRF:0
BRH:0
FNF:1
FNH:0
end_of_record
SF:/Users/eryz/Documents/projects/TEST/DigipetApi/Api/Migrations/ApplicationDBContextModelSnapshot.cs
FN:16,System.Void DigipetApi.Api.Migrations.ApplicationDBContextModelSnapshot::BuildModel(Microsoft.EntityFrameworkCore.ModelBuilder)
FNDA:0,System.Void DigipetApi.Api.Migrations.ApplicationDBContextModelSnapshot::BuildModel(Microsoft.EntityFrameworkCore.ModelBuilder)
DA:17,0
DA:19,0
DA:20,0
DA:21,0
DA:23,0
DA:25,0
DA:26,0
DA:27,0
DA:28,0
DA:29,0
DA:30,0
DA:31,0
DA:32,0
DA:33,0
DA:34,0
DA:35,0
DA:36,0
DA:37,0
DA:38,0
DA:39,0
DA:40,0
DA:41,0
DA:42,0
DA:43,0
DA:44,0
DA:45,0
DA:46,0
DA:47,0
DA:48,0
DA:49,0
DA:50,0
DA:51,0
DA:52,0
DA:53,0
DA:54,0
DA:55,0
DA:56,0
DA:57,0
DA:58,0
DA:59,0
DA:60,0
DA:61,0
DA:62,0
DA:63,0
DA:64,0
DA:65,0
DA:66,0
DA:67,0
DA:68,0
DA:69,0
DA:70,0
DA:71,0
DA:72,0
DA:73,0
DA:74,0
DA:75,0
DA:76,0
DA:77,0
DA:78,0
DA:79,0
DA:80,0
DA:81,0
DA:82,0
DA:83,0
DA:84,0
DA:85,0
DA:86,0
DA:87,0
DA:88,0
DA:89,0
DA:90,0
DA:91,0
DA:92,0
DA:93,0
DA:94,0
DA:95,0
DA:96,0
DA:97,0
DA:98,0
DA:99,0
DA:100,0
DA:101,0
DA:102,0
DA:103,0
DA:104,0
DA:105,0
DA:106,0
DA:107,0
DA:108,0
DA:109,0
DA:110,0
DA:111,0
DA:112,0
DA:113,0
DA:114,0
DA:115,0
DA:116,0
DA:117,0
DA:118,0
DA:119,0
DA:120,0
DA:121,0
DA:122,0
DA:123,0
DA:124,0
DA:125,0
DA:126,0
DA:127,0
DA:128,0
DA:129,0
DA:130,0
DA:131,0
DA:132,0
DA:133,0
DA:134,0
DA:135,0
DA:136,0
DA:137,0
DA:138,0
DA:139,0
DA:140,0
DA:141,0
DA:142,0
DA:143,0
DA:144,0
DA:145,0
DA:146,0
DA:147,0
DA:148,0
DA:149,0
DA:150,0
DA:151,0
DA:152,0
DA:153,0
DA:154,0
DA:155,0
DA:156,0
DA:157,0
DA:158,0
DA:159,0
DA:160,0
DA:161,0
DA:162,0
DA:163,0
DA:164,0
DA:165,0
DA:166,0
DA:167,0
DA:168,0
DA:169,0
DA:170,0
DA:171,0
DA:172,0
DA:173,0
DA:174,0
DA:175,0
DA:176,0
DA:177,0
DA:178,0
DA:179,0
DA:180,0
DA:181,0
DA:182,0
DA:183,0
DA:184,0
DA:185,0
DA:186,0
DA:187,0
DA:188,0
DA:189,0
DA:190,0
DA:191,0
DA:192,0
DA:193,0
DA:194,0
DA:195,0
DA:196,0
DA:197,0
DA:198,0
DA:199,0
DA:200,0
DA:201,0
DA:202,0
DA:203,0
DA:204,0
DA:205,0
DA:206,0
DA:207,0
DA:208,0
DA:209,0
DA:210,0
DA:211,0
DA:212,0
DA:213,0
DA:214,0
DA:215,0
DA:216,0
DA:217,0
DA:218,0
DA:219,0
DA:220,0
DA:221,0
DA:222,0
DA:223,0
DA:224,0
DA:225,0
DA:226,0
DA:228,0
DA:229,0
DA:230,0
DA:231,0
DA:232,0
DA:233,0
DA:234,0
DA:235,0
DA:236,0
DA:237,0
DA:238,0
DA:239,0
DA:240,0
DA:241,0
DA:242,0
DA:243,0
DA:244,0
DA:245,0
DA:246,0
DA:247,0
DA:248,0
DA:249,0
DA:250,0
DA:251,0
DA:252,0
DA:253,0
DA:254,0
DA:255,0
DA:256,0
DA:257,0
DA:258,0
DA:260,0
DA:261,0
DA:262,0
DA:263,0
DA:264,0
DA:265,0
DA:266,0
DA:267,0
DA:268,0
DA:269,0
DA:270,0
DA:271,0
DA:272,0
DA:273,0
DA:274,0
DA:275,0
DA:276,0
DA:277,0
DA:278,0
DA:279,0
DA:280,0
DA:281,0
DA:282,0
DA:283,0
DA:284,0
DA:285,0
DA:286,0
DA:287,0
DA:288,0
DA:289,0
DA:290,0
DA:291,0
DA:292,0
DA:293,0
DA:294,0
DA:295,0
DA:297,0
DA:298,0
DA:299,0
DA:300,0
DA:301,0
DA:302,0
DA:303,0
DA:304,0
DA:306,0
DA:307,0
DA:308,0
DA:309,0
DA:310,0
DA:311,0
DA:312,0
DA:313,0
DA:314,0
DA:315,0
DA:317,0
DA:318,0
DA:319,0
DA:320,0
DA:322,0
LF:297
LH:0
BRF:0
BRH:0
FNF:1
FNH:0
end_of_record
SF:/Users/eryz/Documents/projects/TEST/DigipetApi/Api/Mappers/PetMappers.cs
FN:8,DigipetApi.Api.Dtos.Pet.PetDto DigipetApi.Api.Mappers.PetMappers::ToPetDto(DigipetApi.Api.Models.Pet)
FNDA:43,DigipetApi.Api.Dtos.Pet.PetDto DigipetApi.Api.Mappers.PetMappers::ToPetDto(DigipetApi.Api.Models.Pet)
DA:9,43
DA:10,43
DA:11,43
DA:12,43
DA:13,43
DA:14,43
DA:15,43
DA:16,43
DA:17,43
DA:18,43
DA:19,43
DA:20,43
DA:21,43
DA:22,43
DA:23,43
LF:15
LH:15
BRF:0
BRH:0
FNF:1
FNH:1
end_of_record
SF:/Users/eryz/Documents/projects/TEST/DigipetApi/Api/Dtos/ScheduledTask/ScheduledFeedingDto.cs
FN:10,System.Int32 DigipetApi.Api.Dtos.ScheduledTask.ScheduleFeedingDto::get_PetId()
FNDA:9,System.Int32 DigipetApi.Api.Dtos.ScheduledTask.ScheduleFeedingDto::get_PetId()
DA:11,9
FN:15,System.String DigipetApi.Api.Dtos.ScheduledTask.ScheduleFeedingDto::get_FeedingTime()
FNDA:6,System.String DigipetApi.Api.Dtos.ScheduledTask.ScheduleFeedingDto::get_FeedingTime()
DA:16,6
FN:20,System.String[] DigipetApi.Api.Dtos.ScheduledTask.ScheduleFeedingDto::get_DaysOfWeek()
FNDA:5,System.String[] DigipetApi.Api.Dtos.ScheduledTask.ScheduleFeedingDto::get_DaysOfWeek()
DA:21,5
LF:3
LH:3
BRF:0
BRH:0
FNF:3
FNH:3
end_of_record
SF:/Users/eryz/Documents/projects/TEST/DigipetApi/Api/Dtos/Pet/AdoptPetDto.cs
FN:4,System.Int32 DigipetApi.Api.Dtos.Pet.AdoptPetDto::get_UserId()
FNDA:0,System.Int32 DigipetApi.Api.Dtos.Pet.AdoptPetDto::get_UserId()
DA:5,0
LF:1
LH:0
BRF:0
BRH:0
FNF:1
FNH:0
end_of_record
SF:/Users/eryz/Documents/projects/TEST/DigipetApi/Api/Dtos/Pet/InteractPetDto.cs
FN:19,DigipetApi.Api.Dtos.Pet.InteractionType DigipetApi.Api.Dtos.Pet.InteractPetDto::get_Type()
FNDA:25,DigipetApi.Api.Dtos.Pet.InteractionType DigipetApi.Api.Dtos.Pet.InteractPetDto::get_Type()
DA:20,25
FN:25,System.ComponentModel.DataAnnotations.ValidationResult DigipetApi.Api.Dtos.Pet.InteractionTypeAttribute::IsValid(System.Object,System.ComponentModel.DataAnnotations.ValidationContext)
FNDA:0,System.ComponentModel.DataAnnotations.ValidationResult DigipetApi.Api.Dtos.Pet.InteractionTypeAttribute::IsValid(System.Object,System.ComponentModel.DataAnnotations.ValidationContext)
DA:26,0
DA:27,0
DA:28,0
DA:29,0
DA:30,0
DA:31,0
DA:32,0
DA:34,0
DA:35,0
DA:36,0
BRDA:27,14,0,0
BRDA:30,78,0,0
BRDA:30,78,1,0
BRDA:27,14,1,0
LF:11
LH:1
BRF:4
BRH:0
FNF:2
FNH:1
end_of_record
SF:/Users/eryz/Documents/projects/TEST/DigipetApi/Api/Dtos/Pet/PetDto.cs
FN:4,System.Int32 DigipetApi.Api.Dtos.Pet.PetDto::get_PetId()
FNDA:83,System.Int32 DigipetApi.Api.Dtos.Pet.PetDto::get_PetId()
DA:5,83
FN:5,System.Nullable`1<System.Int32> DigipetApi.Api.Dtos.Pet.PetDto::get_UserId()
FNDA:79,System.Nullable`1<System.Int32> DigipetApi.Api.Dtos.Pet.PetDto::get_UserId()
DA:6,79
FN:6,System.String DigipetApi.Api.Dtos.Pet.PetDto::get_Name()
FNDA:115,System.String DigipetApi.Api.Dtos.Pet.PetDto::get_Name()
DA:7,115
FN:7,System.String DigipetApi.Api.Dtos.Pet.PetDto::get_Species()
FNDA:105,System.String DigipetApi.Api.Dtos.Pet.PetDto::get_Species()
DA:8,105
FN:8,System.String DigipetApi.Api.Dtos.Pet.PetDto::get_Type()
FNDA:105,System.String DigipetApi.Api.Dtos.Pet.PetDto::get_Type()
DA:9,105
FN:9,System.Int32 DigipetApi.Api.Dtos.Pet.PetDto::get_Health()
FNDA:139,System.Int32 DigipetApi.Api.Dtos.Pet.PetDto::get_Health()
DA:10,139
FN:10,System.Int32 DigipetApi.Api.Dtos.Pet.PetDto::get_Mood()
FNDA:136,System.Int32 DigipetApi.Api.Dtos.Pet.PetDto::get_Mood()
DA:11,136
FN:11,System.Int32 DigipetApi.Api.Dtos.Pet.PetDto::get_Happiness()
FNDA:141,System.Int32 DigipetApi.Api.Dtos.Pet.PetDto::get_Happiness()
DA:12,141
FN:12,System.DateTime DigipetApi.Api.Dtos.Pet.PetDto::get_CreatedAt()
FNDA:103,System.DateTime DigipetApi.Api.Dtos.Pet.PetDto::get_CreatedAt()
DA:13,103
FN:13,System.DateTime DigipetApi.Api.Dtos.Pet.PetDto::get_UpdatedAt()
FNDA:110,System.DateTime DigipetApi.Api.Dtos.Pet.PetDto::get_UpdatedAt()
DA:14,110
LF:10
LH:10
BRF:0
BRH:0
FNF:10
FNH:10
end_of_record
SF:/Users/eryz/Documents/projects/TEST/DigipetApi/Api/Dtos/Auth/LoginDto.cs
FN:7,System.String DigipetApi.Api.Dtos.Auth.LoginDto::get_UsernameOrEmail()
FNDA:6,System.String DigipetApi.Api.Dtos.Auth.LoginDto::get_UsernameOrEmail()
DA:8,6
FN:10,System.String DigipetApi.Api.Dtos.Auth.LoginDto::get_Password()
FNDA:5,System.String DigipetApi.Api.Dtos.Auth.LoginDto::get_Password()
DA:11,5
LF:2
LH:2
BRF:0
BRH:0
FNF:2
FNH:2
end_of_record
SF:/Users/eryz/Documents/projects/TEST/DigipetApi/Api/Dtos/Auth/RefreshTokenDto.cs
FN:4,System.String DigipetApi.Api.Dtos.Auth.RefreshTokenDto::get_AccessToken()
FNDA:4,System.String DigipetApi.Api.Dtos.Auth.RefreshTokenDto::get_AccessToken()
DA:5,4
FN:5,System.String DigipetApi.Api.Dtos.Auth.RefreshTokenDto::get_RefreshToken()
FNDA:4,System.String DigipetApi.Api.Dtos.Auth.RefreshTokenDto::get_RefreshToken()
DA:6,4
LF:2
LH:2
BRF:0
BRH:0
FNF:2
FNH:2
end_of_record
SF:/Users/eryz/Documents/projects/TEST/DigipetApi/Api/Dtos/Auth/RegisterDto.cs
FN:7,System.String DigipetApi.Api.Dtos.Auth.RegisterDto::get_Username()
FNDA:12,System.String DigipetApi.Api.Dtos.Auth.RegisterDto::get_Username()
DA:8,12
FN:11,System.String DigipetApi.Api.Dtos.Auth.RegisterDto::get_Email()
FNDA:11,System.String DigipetApi.Api.Dtos.Auth.RegisterDto::get_Email()
DA:12,11
FN:15,System.String DigipetApi.Api.Dtos.Auth.RegisterDto::get_Password()
FNDA:8,System.String DigipetApi.Api.Dtos.Auth.RegisterDto::get_Password()
DA:16,8
LF:3
LH:3
BRF:0
BRH:0
FNF:3
FNH:3
end_of_record
SF:/Users/eryz/Documents/projects/TEST/DigipetApi/Api/Data/ApplicationDBContext.cs
FN:13,System.Void DigipetApi.Api.Data.ApplicationDBContext::OnModelCreating(Microsoft.EntityFrameworkCore.ModelBuilder)
FNDA:11,System.Void DigipetApi.Api.Data.ApplicationDBContext::OnModelCreating(Microsoft.EntityFrameworkCore.ModelBuilder)
DA:14,11
DA:15,11
DA:16,11
DA:17,11
FN:18,Microsoft.EntityFrameworkCore.DbSet`1<DigipetApi.Api.Models.User> DigipetApi.Api.Data.ApplicationDBContext::get_Users()
FNDA:111,Microsoft.EntityFrameworkCore.DbSet`1<DigipetApi.Api.Models.User> DigipetApi.Api.Data.ApplicationDBContext::get_Users()
DA:19,111
FN:19,Microsoft.EntityFrameworkCore.DbSet`1<DigipetApi.Api.Models.Pet> DigipetApi.Api.Data.ApplicationDBContext::get_Pets()
FNDA:100,Microsoft.EntityFrameworkCore.DbSet`1<DigipetApi.Api.Models.Pet> DigipetApi.Api.Data.ApplicationDBContext::get_Pets()
DA:20,100
FN:20,Microsoft.EntityFrameworkCore.DbSet`1<DigipetApi.Api.Models.ScheduledTask> DigipetApi.Api.Data.ApplicationDBContext::get_ScheduledTasks()
FNDA:100,Microsoft.EntityFrameworkCore.DbSet`1<DigipetApi.Api.Models.ScheduledTask> DigipetApi.Api.Data.ApplicationDBContext::get_ScheduledTasks()
DA:21,100
FN:8,System.Void DigipetApi.Api.Data.ApplicationDBContext::.ctor(Microsoft.EntityFrameworkCore.DbContextOptions`1<DigipetApi.Api.Data.ApplicationDBContext>)
FNDA:46,System.Void DigipetApi.Api.Data.ApplicationDBContext::.ctor(Microsoft.EntityFrameworkCore.DbContextOptions`1<DigipetApi.Api.Data.ApplicationDBContext>)
DA:9,46
DA:10,46
DA:11,46
LF:10
LH:10
BRF:0
BRH:0
FNF:5
FNH:5
end_of_record
SF:/Users/eryz/Documents/projects/TEST/DigipetApi/Api/Data/PetSeeder.cs
FN:8,System.Void DigipetApi.Api.Data.PetSeeder::SeedPets(Microsoft.EntityFrameworkCore.ModelBuilder)
FNDA:11,System.Void DigipetApi.Api.Data.PetSeeder::SeedPets(Microsoft.EntityFrameworkCore.ModelBuilder)
DA:9,11
DA:10,11
DA:11,11
DA:12,11
DA:13,11
DA:14,11
DA:15,11
DA:16,11
DA:17,11
DA:18,11
DA:19,11
DA:20,11
DA:21,11
DA:22,11
DA:23,11
DA:24,11
DA:25,11
DA:26,11
DA:27,11
DA:28,11
DA:29,11
DA:30,11
DA:31,11
DA:32,11
DA:33,11
DA:34,11
DA:35,11
DA:36,11
DA:37,11
DA:38,11
DA:39,11
DA:40,11
DA:41,11
DA:42,11
DA:43,11
DA:44,11
DA:45,11
DA:46,11
DA:47,11
DA:48,11
DA:49,11
DA:50,11
DA:51,11
DA:52,11
DA:53,11
DA:54,11
DA:55,11
DA:56,11
DA:57,11
DA:58,11
DA:59,11
DA:60,11
DA:61,11
DA:62,11
DA:63,11
DA:64,11
DA:65,11
DA:66,11
DA:67,11
DA:68,11
DA:69,11
DA:70,11
DA:71,11
DA:72,11
DA:73,11
DA:74,11
DA:75,11
DA:76,11
DA:77,11
DA:78,11
DA:79,11
DA:80,11
DA:81,11
DA:82,11
DA:83,11
DA:84,11
DA:85,11
DA:86,11
DA:87,11
DA:88,11
DA:89,11
DA:90,11
DA:91,11
DA:92,11
DA:93,11
DA:94,11
DA:95,11
DA:96,11
DA:97,11
DA:98,11
DA:99,11
DA:100,11
DA:101,11
DA:102,11
DA:103,11
DA:104,11
DA:105,11
DA:106,11
DA:107,11
DA:108,11
DA:109,11
DA:110,11
DA:111,11
DA:112,11
DA:113,11
DA:114,11
DA:115,11
DA:116,11
DA:117,11
DA:118,11
DA:119,11
DA:120,11
DA:121,11
DA:122,11
DA:123,11
DA:124,11
DA:125,11
DA:126,11
DA:127,11
DA:128,11
DA:129,11
DA:130,11
DA:131,11
DA:132,11
DA:133,11
DA:134,11
DA:135,11
DA:136,11
DA:137,11
DA:138,11
DA:139,11
DA:140,11
DA:141,11
DA:142,11
DA:143,11
DA:144,11
DA:145,11
DA:146,11
DA:147,11
DA:148,11
DA:149,11
DA:150,11
DA:151,11
DA:152,11
DA:153,11
DA:154,11
DA:155,11
DA:156,11
DA:157,11
DA:158,11
DA:159,11
DA:160,11
DA:161,11
DA:162,11
DA:163,11
DA:164,11
DA:165,11
DA:166,11
DA:167,11
DA:168,11
LF:160
LH:160
BRF:0
BRH:0
FNF:1
FNH:1
end_of_record
SF:/Users/eryz/Documents/projects/TEST/DigipetApi/Api/Controllers/AuthController.cs
FN:29,Microsoft.AspNetCore.Mvc.IActionResult DigipetApi.Api.Controllers.AuthController::Register(DigipetApi.Api.Dtos.Auth.RegisterDto)
FNDA:4,Microsoft.AspNetCore.Mvc.IActionResult DigipetApi.Api.Controllers.AuthController::Register(DigipetApi.Api.Dtos.Auth.RegisterDto)
DA:30,4
DA:31,4
DA:32,1
DA:33,1
DA:37,3
DA:38,1
DA:39,1
DA:40,1
DA:44,2
DA:45,1
DA:46,1
DA:47,1
DA:51,1
DA:52,1
DA:53,1
DA:54,1
DA:55,1
DA:56,1
DA:57,1
DA:58,1
DA:60,1
DA:61,1
DA:63,1
DA:64,4
BRDA:31,30,0,1
BRDA:31,30,1,3
BRDA:37,187,0,1
BRDA:37,187,1,2
BRDA:44,366,0,1
BRDA:44,366,1,1
FN:67,Microsoft.AspNetCore.Mvc.IActionResult DigipetApi.Api.Controllers.AuthController::Login(DigipetApi.Api.Dtos.Auth.LoginDto)
FNDA:2,Microsoft.AspNetCore.Mvc.IActionResult DigipetApi.Api.Controllers.AuthController::Login(DigipetApi.Api.Dtos.Auth.LoginDto)
DA:68,2
DA:69,2
DA:71,2
DA:72,1
DA:73,1
DA:76,1
DA:77,1
DA:79,1
DA:80,1
DA:81,1
DA:83,1
DA:84,2
BRDA:71,231,0,1
BRDA:71,231,1,1
BRDA:71,267,0,1
BRDA:71,267,1,1
FN:87,Microsoft.AspNetCore.Mvc.IActionResult DigipetApi.Api.Controllers.AuthController::RefreshToken(DigipetApi.Api.Dtos.Auth.RefreshTokenDto)
FNDA:2,Microsoft.AspNetCore.Mvc.IActionResult DigipetApi.Api.Controllers.AuthController::RefreshToken(DigipetApi.Api.Dtos.Auth.RefreshTokenDto)
DA:88,2
DA:89,2
DA:90,0
DA:91,0
DA:94,2
DA:95,2
DA:97,2
DA:98,2
DA:99,0
DA:100,0
DA:103,2
DA:105,2
DA:107,2
DA:108,1
DA:109,1
DA:112,1
DA:113,1
DA:115,1
DA:116,1
DA:118,1
DA:119,1
DA:120,1
DA:121,1
DA:122,1
DA:123,2
BRDA:89,15,0,0
BRDA:89,15,1,2
BRDA:98,66,0,0
BRDA:98,66,1,2
BRDA:107,220,0,2
BRDA:107,235,0,1
BRDA:107,260,0,0
BRDA:107,260,1,1
BRDA:107,220,1,1
BRDA:107,235,1,1
BRDA:107,286,0,1
BRDA:107,286,1,1
FN:127,Microsoft.AspNetCore.Mvc.IActionResult DigipetApi.Api.Controllers.AuthController::Logout()
FNDA:2,Microsoft.AspNetCore.Mvc.IActionResult DigipetApi.Api.Controllers.AuthController::Logout()
DA:128,2
DA:129,2
DA:130,2
DA:131,2
DA:132,1
DA:133,1
DA:136,1
DA:137,1
DA:139,1
DA:140,2
BRDA:131,145,0,1
BRDA:131,145,1,1
FN:142,System.String DigipetApi.Api.Controllers.AuthController::GenerateJwtToken(DigipetApi.Api.Models.User)
FNDA:2,System.String DigipetApi.Api.Controllers.AuthController::GenerateJwtToken(DigipetApi.Api.Models.User)
DA:143,2
DA:144,2
DA:145,2
DA:147,2
DA:148,2
DA:149,2
DA:150,2
DA:151,2
DA:152,2
DA:154,2
DA:155,2
DA:156,2
DA:157,2
DA:158,2
DA:159,2
DA:160,2
DA:162,2
DA:163,2
FN:165,System.String DigipetApi.Api.Controllers.AuthController::GenerateRefreshToken()
FNDA:2,System.String DigipetApi.Api.Controllers.AuthController::GenerateRefreshToken()
DA:166,2
DA:167,2
DA:168,2
DA:169,2
DA:170,2
DA:171,2
FN:173,System.Security.Claims.ClaimsPrincipal DigipetApi.Api.Controllers.AuthController::GetPrincipalFromExpiredToken(System.String)
FNDA:2,System.Security.Claims.ClaimsPrincipal DigipetApi.Api.Controllers.AuthController::GetPrincipalFromExpiredToken(System.String)
DA:174,2
DA:175,2
DA:176,2
DA:177,2
DA:178,2
DA:179,2
DA:180,2
DA:181,2
DA:182,2
DA:184,2
DA:185,2
DA:186,2
DA:187,0
DA:189,2
DA:190,2
BRDA:186,99,0,2
BRDA:186,99,1,0
BRDA:186,134,0,0
BRDA:186,134,1,2
FN:21,System.Void DigipetApi.Api.Controllers.AuthController::.ctor(DigipetApi.Api.Data.ApplicationDBContext,Microsoft.Extensions.Options.IOptions`1<DigipetApi.Api.JwtSettings>)
FNDA:10,System.Void DigipetApi.Api.Controllers.AuthController::.ctor(DigipetApi.Api.Data.ApplicationDBContext,Microsoft.Extensions.Options.IOptions`1<DigipetApi.Api.JwtSettings>)
DA:22,10
DA:23,10
DA:24,10
DA:25,10
DA:26,10
LF:115
LH:110
BRF:28
BRH:23
FNF:8
FNH:8
end_of_record
SF:/Users/eryz/Documents/projects/TEST/DigipetApi/Api/Controllers/PetController.cs
FN:30,Microsoft.EntityFrameworkCore.DbSet`1<DigipetApi.Api.Models.Pet> DigipetApi.Api.Controllers.PetController::get_Pets()
FNDA:0,Microsoft.EntityFrameworkCore.DbSet`1<DigipetApi.Api.Models.Pet> DigipetApi.Api.Controllers.PetController::get_Pets()
DA:31,0
FN:34,Microsoft.AspNetCore.Mvc.IActionResult DigipetApi.Api.Controllers.PetController::GetAll()
FNDA:0,Microsoft.AspNetCore.Mvc.IActionResult DigipetApi.Api.Controllers.PetController::GetAll()
DA:35,0
DA:36,0
DA:37,0
DA:39,0
DA:40,0
FN:65,Microsoft.AspNetCore.Mvc.IActionResult DigipetApi.Api.Controllers.PetController::GetUserPets()
FNDA:5,Microsoft.AspNetCore.Mvc.IActionResult DigipetApi.Api.Controllers.PetController::GetUserPets()
DA:66,5
DA:67,5
DA:68,4
DA:69,4
DA:70,4
DA:71,14
DA:73,4
DA:74,4
BRDA:67,25,0,1
BRDA:67,25,1,4
BRDA:67,37,0,1
BRDA:67,37,1,5
FN:77,Microsoft.AspNetCore.Mvc.IActionResult DigipetApi.Api.Controllers.PetController::GetAvailablePets()
FNDA:4,Microsoft.AspNetCore.Mvc.IActionResult DigipetApi.Api.Controllers.PetController::GetAvailablePets()
DA:78,4
DA:79,4
DA:80,4
DA:81,4
DA:82,30
DA:84,4
DA:85,4
FN:23,System.Void DigipetApi.Api.Controllers.PetController::.ctor(DigipetApi.Api.Data.ApplicationDBContext,DigipetApi.Api.Interfaces.IPetCacheService)
FNDA:32,System.Void DigipetApi.Api.Controllers.PetController::.ctor(DigipetApi.Api.Data.ApplicationDBContext,DigipetApi.Api.Interfaces.IPetCacheService)
DA:24,32
DA:25,32
DA:26,32
DA:27,32
DA:28,32
FN:249,System.DayOfWeek DigipetApi.Api.Controllers.PetController/<>c::<ScheduleFeeding>b__12_0(System.String)
FNDA:3,System.DayOfWeek DigipetApi.Api.Controllers.PetController/<>c::<ScheduleFeeding>b__12_0(System.String)
DA:250,3
FN:88,System.Void DigipetApi.Api.Controllers.PetController/<AdoptPet>d__9::MoveNext()
FNDA:3,System.Void DigipetApi.Api.Controllers.PetController/<AdoptPet>d__9::MoveNext()
DA:89,3
DA:90,3
DA:92,3
DA:93,1
DA:94,1
DA:97,2
DA:98,1
DA:99,1
DA:102,1
DA:104,1
DA:105,1
DA:106,1
DA:108,1
DA:109,1
DA:111,1
DA:112,3
BRDA:92,193,0,1
BRDA:92,193,1,2
BRDA:97,237,0,1
BRDA:97,237,1,1
BRDA:102,285,0,0
BRDA:102,285,1,1
BRDA:102,297,0,0
BRDA:102,297,1,1
FN:43,System.Void DigipetApi.Api.Controllers.PetController/<GetById>d__6::MoveNext()
FNDA:3,System.Void DigipetApi.Api.Controllers.PetController/<GetById>d__6::MoveNext()
DA:44,3
DA:45,3
DA:46,3
DA:47,1
DA:48,1
DA:51,2
DA:53,2
DA:54,1
DA:55,1
DA:58,1
DA:59,1
DA:61,1
DA:62,3
BRDA:46,189,0,1
BRDA:46,189,1,2
BRDA:53,385,0,1
BRDA:53,385,1,1
FN:148,System.Void DigipetApi.Api.Controllers.PetController/<Interact>d__11::MoveNext()
FNDA:9,System.Void DigipetApi.Api.Controllers.PetController/<Interact>d__11::MoveNext()
DA:149,9
DA:150,9
DA:151,9
DA:152,2
DA:153,2
DA:154,2
DA:155,1
DA:156,1
DA:158,1
DA:159,1
DA:162,8
DA:165,8
DA:166,1
DA:167,1
DA:171,7
DA:174,2
DA:175,2
DA:176,2
DA:178,1
DA:179,1
DA:180,1
DA:181,1
DA:183,1
DA:184,1
DA:185,1
DA:186,1
DA:188,1
DA:189,1
DA:190,1
DA:191,1
DA:193,1
DA:194,1
DA:195,1
DA:196,1
DA:198,1
DA:202,6
DA:203,6
DA:204,6
DA:206,6
DA:209,6
DA:212,6
DA:213,6
DA:214,1
DA:215,1
DA:216,1
DA:217,1
DA:218,1
DA:219,1
DA:220,1
DA:222,6
DA:223,9
BRDA:151,207,0,2
BRDA:154,383,0,1
BRDA:154,383,1,1
BRDA:151,207,1,8
BRDA:162,451,0,0
BRDA:162,451,1,8
BRDA:162,463,0,0
BRDA:162,463,1,8
BRDA:165,528,0,1
BRDA:165,528,1,7
BRDA:171,584,1,2
BRDA:171,584,2,1
BRDA:171,584,3,1
BRDA:171,584,4,1
BRDA:171,584,5,1
BRDA:171,584,0,1
BRDA:213,1339,0,1
BRDA:213,1339,1,6
FN:115,System.Void DigipetApi.Api.Controllers.PetController/<ReturnPet>d__10::MoveNext()
FNDA:4,System.Void DigipetApi.Api.Controllers.PetController/<ReturnPet>d__10::MoveNext()
DA:116,4
DA:117,4
DA:119,4
DA:120,1
DA:121,1
DA:124,3
DA:126,3
DA:127,1
DA:128,1
DA:132,2
DA:133,2
DA:136,2
DA:137,2
DA:139,2
DA:141,2
DA:142,2
DA:144,2
DA:145,4
BRDA:119,207,0,1
BRDA:119,207,1,3
BRDA:124,250,0,0
BRDA:124,250,1,3
BRDA:124,262,0,0
BRDA:124,262,1,3
BRDA:126,327,0,1
BRDA:126,327,1,2
FN:226,System.Void DigipetApi.Api.Controllers.PetController/<ScheduleFeeding>d__12::MoveNext()
FNDA:4,System.Void DigipetApi.Api.Controllers.PetController/<ScheduleFeeding>d__12::MoveNext()
DA:227,4
DA:228,4
DA:229,4
DA:230,1
DA:231,1
DA:234,3
DA:235,3
DA:236,1
DA:237,1
DA:240,2
DA:241,1
DA:242,1
DA:246,1
DA:247,1
DA:249,1
DA:251,1
DA:253,1
DA:254,1
DA:255,1
DA:256,1
DA:257,1
DA:258,1
DA:259,1
DA:261,1
DA:262,1
DA:264,1
DA:265,4
BRDA:229,198,0,1
BRDA:229,198,1,3
BRDA:234,246,0,0
BRDA:234,246,1,3
BRDA:234,258,0,0
BRDA:234,258,1,3
BRDA:235,323,0,1
BRDA:235,323,1,2
BRDA:240,377,0,1
BRDA:240,377,1,1
LF:152
LH:146
BRF:52
BRH:44
FNF:11
FNH:9
end_of_record